[2025-11-04 11:44:59] Incoming POST: {"branch_code":"2","month":"September 2025"}
[2025-11-04 11:44:59] Incoming POST: {"branch_code":"2","month":"September 2025"}
[2025-11-04 11:45:08] Incoming POST: {"branch_code":"2","month":"April 2025"}
[2025-11-04 11:45:08] Incoming POST: {"branch_code":"2","month":"April 2025"}
[2025-11-04 11:50:07] Incoming POST: {"branch_code":"2","month":"June 2025"}
[2025-11-04 11:50:17] Incoming POST: {"branch_code":"2","month":"September 2025"}
[2025-11-04 11:54:58] Incoming POST: {"branch_code":"2","month":"September 2025"}
[2025-11-04 11:55:04] Incoming POST: {"branch_code":"2","month":"September 2025"}
[2025-11-04 11:55:07] Incoming POST: {"branch_code":"2","month":"September 2025"}
[2025-11-04 12:07:09] Incoming POST: {"branch_code":"2","month":"November 2025"}
[2025-11-04 12:07:56] Incoming POST: {"branch_code":"2","month":"December 2025"}
[2025-11-04 12:08:01] Incoming POST: {"branch_code":"3","month":"December 2025"}
[2025-11-04 12:08:05] Incoming POST: {"branch_code":"66","month":"December 2025"}
[2025-11-04 12:08:22] Incoming POST: {"branch_code":"66","month":"December 2025"}
[2025-11-04 12:08:28] Incoming POST: {"branch_code":"2","month":"December 2025"}
[2025-11-04 12:10:45] Incoming POST: {"branch_code":"2","month":"May 2025"}
[2025-11-04 12:10:45] Incoming POST: {"branch_code":"2","month":"May 2025"}
[2025-11-04 12:10:49] Incoming POST: {"branch_code":"2","month":"November 2025"}
[2025-11-04 12:10:49] Incoming POST: {"branch_code":"2","month":"November 2025"}
[2025-11-04 12:11:04] Incoming POST: {"branch_code":"2","month":"November 2025"}
[2025-11-04 12:11:04] Incoming POST: {"branch_code":"2","month":"November 2025"}
[2025-11-04 12:14:47] Incoming POST: {"branch_code":"2","month":"November 2025"}
[2025-11-04 12:16:20] Incoming POST: {"branch_code":"2","month":"November 2025"}
[2025-11-04 12:16:27] Incoming POST: {"branch_code":"2","month":"November 2025"}
