2025-12-03 13:13:45 | branch_code=2 | firm_id=2 | month=February 2026
2025-12-05 10:35:05 | branch_code=2 | firm_id=2 | month=February 2026
2025-12-05 10:35:05 | branch_code=2 | firm_id=2 | month=February 2026
2025-12-05 10:35:05 | branch_code=2 | firm_id=2 | month=February 2026
2025-12-05 10:35:05 | branch_code=2 | firm_id=2 | month=February 2026
2025-12-05 10:35:05 | branch_code=2 | firm_id=2 | month=February 2026
2025-12-05 10:35:05 | branch_code=2 | firm_id=2 | month=February 2026
2025-12-05 10:35:05 | branch_code=2 | firm_id=2 | month=February 2026
2025-12-05 10:36:33 | branch_code=11 | firm_id=2 | month=February 2026
2025-12-05 10:36:33 | branch_code=11 | firm_id=2 | month=February 2026
2025-12-05 10:36:33 | branch_code=11 | firm_id=2 | month=February 2026
2025-12-05 10:36:33 | branch_code=11 | firm_id=2 | month=February 2026
2025-12-05 10:36:33 | branch_code=11 | firm_id=2 | month=February 2026
2025-12-05 10:36:33 | branch_code=11 | firm_id=2 | month=February 2026
2025-12-05 10:36:33 | branch_code=11 | firm_id=2 | month=February 2026
2025-12-05 10:37:05 | branch_code=16 | firm_id=2 | month=February 2026
2025-12-05 10:37:05 | branch_code=16 | firm_id=2 | month=February 2026
2025-12-05 10:37:05 | branch_code=16 | firm_id=2 | month=February 2026
2025-12-05 10:37:05 | branch_code=16 | firm_id=2 | month=February 2026
2025-12-05 10:37:05 | branch_code=16 | firm_id=2 | month=February 2026
2025-12-05 10:37:05 | branch_code=16 | firm_id=2 | month=February 2026
2025-12-05 10:37:05 | branch_code=16 | firm_id=2 | month=February 2026
2025-12-11 12:33:06 | branch_code=2011 | firm_id=2 | month=April 2025
2025-12-11 12:33:13 | branch_code=2012 | firm_id=2 | month=April 2025
2025-12-11 12:34:47 | branch_code=2011 | firm_id=2 | month=April 2025
2025-12-11 12:35:28 | branch_code=2011 | firm_id=2 | month=April 2025
2025-12-11 12:35:28 | branch_code=2011 | firm_id=2 | month=April 2025
2025-12-11 14:38:38 | branch_code=2014 | firm_id=3 | month=April 2025
2025-12-11 14:38:38 | branch_code=2014 | firm_id=3 | month=April 2025
2025-12-11 14:38:38 | branch_code=2014 | firm_id=3 | month=April 2025
2025-12-11 14:38:38 | branch_code=2014 | firm_id=3 | month=April 2025
2025-12-11 14:38:38 | branch_code=2014 | firm_id=3 | month=April 2025
2025-12-11 14:38:38 | branch_code=2014 | firm_id=3 | month=April 2025
2025-12-11 14:38:38 | branch_code=2014 | firm_id=3 | month=April 2025
2025-12-11 14:39:26 | branch_code=215 | firm_id=3 | month=April 2025
2025-12-11 14:39:26 | branch_code=215 | firm_id=3 | month=April 2025
2025-12-11 14:39:26 | branch_code=215 | firm_id=3 | month=April 2025
2025-12-11 14:39:26 | branch_code=215 | firm_id=3 | month=April 2025
2025-12-11 14:39:26 | branch_code=215 | firm_id=3 | month=April 2025
2025-12-11 14:39:26 | branch_code=215 | firm_id=3 | month=April 2025
2025-12-11 14:39:26 | branch_code=215 | firm_id=3 | month=April 2025
2025-12-11 14:39:32 | branch_code=2015 | firm_id=3 | month=April 2025
2025-12-11 14:39:32 | branch_code=2015 | firm_id=3 | month=April 2025
2025-12-11 14:39:32 | branch_code=2015 | firm_id=3 | month=April 2025
2025-12-11 14:39:32 | branch_code=2015 | firm_id=3 | month=April 2025
2025-12-11 14:39:32 | branch_code=2015 | firm_id=3 | month=April 2025
2025-12-11 14:39:32 | branch_code=2015 | firm_id=3 | month=April 2025
2025-12-11 14:39:32 | branch_code=2015 | firm_id=3 | month=April 2025
2025-12-11 14:55:56 | branch_code=2015 | firm_id=3 | month=April 2025
2025-12-11 14:55:56 | branch_code=2015 | firm_id=3 | month=April 2025
2025-12-11 14:55:56 | branch_code=2015 | firm_id=3 | month=April 2025
2025-12-11 14:55:56 | branch_code=2015 | firm_id=3 | month=April 2025
2025-12-11 14:55:56 | branch_code=2015 | firm_id=3 | month=April 2025
2025-12-11 14:55:56 | branch_code=2015 | firm_id=3 | month=April 2025
2025-12-11 14:55:56 | branch_code=2015 | firm_id=3 | month=April 2025
2025-12-11 15:03:31 | branch_code=2016 | firm_id=3 | month=April 2025
2025-12-11 15:03:31 | branch_code=2016 | firm_id=3 | month=April 2025
2025-12-11 15:03:31 | branch_code=2016 | firm_id=3 | month=April 2025
2025-12-11 15:03:31 | branch_code=2016 | firm_id=3 | month=April 2025
2025-12-11 15:03:31 | branch_code=2016 | firm_id=3 | month=April 2025
2025-12-11 15:03:31 | branch_code=2016 | firm_id=3 | month=April 2025
2025-12-11 15:03:31 | branch_code=2016 | firm_id=3 | month=April 2025
2025-12-11 15:06:01 | branch_code=2014 | firm_id=3 | month=April 2025
2025-12-11 15:06:01 | branch_code=2014 | firm_id=3 | month=April 2025
2025-12-11 15:06:01 | branch_code=2014 | firm_id=3 | month=April 2025
2025-12-11 15:06:01 | branch_code=2014 | firm_id=3 | month=April 2025
2025-12-11 15:06:01 | branch_code=2014 | firm_id=3 | month=April 2025
2025-12-11 15:06:01 | branch_code=2014 | firm_id=3 | month=April 2025
2025-12-11 15:06:01 | branch_code=2014 | firm_id=3 | month=April 2025
2025-12-12 09:30:39 | branch_code=2014 | firm_id=3 | month=April 2025
2025-12-12 09:40:37 | branch_code=2014 | firm_id=3 | month=August 2025
2025-12-12 09:41:21 | branch_code=2014 | firm_id=3 | month=August 2025
2025-12-12 10:00:13 | branch_code=2014 | firm_id=3 | month=November 2025
2025-12-12 10:00:40 | branch_code=2014 | firm_id=3 | month=June 2025
2025-12-12 10:01:15 | branch_code=2016 | firm_id=3 | month=June 2025
2025-12-12 10:07:09 | branch_code=2014 | firm_id=3 | month=April 2025
2025-12-12 10:07:09 | branch_code=2014 | firm_id=3 | month=April 2025
2025-12-12 10:08:23 | branch_code=2015 | firm_id=3 | month=October 2025
2025-12-12 10:08:23 | branch_code=2015 | firm_id=3 | month=October 2025
2025-12-12 10:17:07 | branch_code=2014 | firm_id=3 | month=September 2025
2025-12-12 10:17:07 | branch_code=2014 | firm_id=3 | month=September 2025
2025-12-12 10:27:28 | branch_code=2014 | firm_id=3 | month=November 2025
2025-12-12 10:27:51 | branch_code=2014 | firm_id=3 | month=November 2025
2025-12-12 10:28:26 | branch_code=2016 | firm_id=3 | month=November 2025
2025-12-12 10:28:55 | branch_code=2017 | firm_id=3 | month=November 2025
2025-12-12 10:29:04 | branch_code=2015 | firm_id=3 | month=November 2025
2025-12-12 10:29:16 | branch_code=2015 | firm_id=3 | month=November 2025
2025-12-12 10:35:59 | branch_code=2014 | firm_id=3 | month=August 2025
2025-12-12 10:50:05 | branch_code=2014 | firm_id=3 | month=October 2025
2025-12-12 10:55:56 | branch_code=2014 | firm_id=3 | month=February 2026
2025-12-12 10:56:38 | branch_code=2014 | firm_id=3 | month=February 2026
2025-12-12 10:56:59 | branch_code=2016 | firm_id=3 | month=February 2026
2025-12-12 11:03:09 | branch_code=2014 | firm_id=3 | month=February 2026
2025-12-12 11:32:20 | branch_code=2014 | firm_id=3 | month=February 2026
2025-12-12 11:32:35 | branch_code=2014 | firm_id=3 | month=February 2026
2025-12-12 11:42:18 | branch_code=2016 | firm_id=3 | month=November 2025
2025-12-12 12:19:59 | branch_code=2016 | firm_id=3 | month=November 2025
2025-12-12 12:20:32 | branch_code=2016 | firm_id=1 | month=August 2025
2025-12-12 12:21:17 | branch_code=58 | firm_id=1 | month=August 2025
2025-12-12 12:21:36 | branch_code=58 | firm_id=1 | month=September 2025
2025-12-12 12:21:45 | branch_code=3 | firm_id=1 | month=October 2025
2025-12-12 12:26:02 | branch_code=2014 | firm_id=3 | month=May 2025
2025-12-12 12:29:17 | branch_code=15 | firm_id=2 | month=June 2025
2025-12-12 12:29:24 | branch_code=23 | firm_id=2 | month=June 2025
2025-12-12 12:38:00 | branch_code=58 | firm_id=1 | month=August 2025
2025-12-12 12:38:24 | branch_code=2014 | firm_id=3 | month=January 2026
2025-12-12 12:38:48 | branch_code=2014 | firm_id=3 | month=January 2026
2025-12-12 12:40:27 | branch_code=2012 | firm_id=2 | month=July 2025
2025-12-12 12:41:17 | branch_code=2014 | firm_id=3 | month=January 2026
2025-12-12 12:50:13 | branch_code=2003 | firm_id=1 | month=July 2025
2025-12-12 12:50:47 | branch_code=2015 | firm_id=3 | month=October 2025
2025-12-12 12:53:30 | branch_code=2015 | firm_id=3 | month=November 2025
2025-12-12 13:01:06 | branch_code=2017 | firm_id=3 | month=November 2025
2025-12-12 13:01:10 | branch_code=2017 | firm_id=3 | month=November 2025
2025-12-12 13:01:22 | branch_code=3 | firm_id=1 | month=October 2025
2025-12-12 13:01:39 | branch_code=2015 | firm_id=3 | month=August 2025
2025-12-12 13:01:52 | branch_code=2015 | firm_id=3 | month=August 2025
2025-12-12 13:02:07 | branch_code=2017 | firm_id=3 | month=August 2025
2025-12-12 13:02:13 | branch_code=2016 | firm_id=3 | month=August 2025
2025-12-12 13:04:00 | branch_code=2015 | firm_id=1 | month=October 2025
2025-12-12 13:04:05 | branch_code=25 | firm_id=1 | month=October 2025
2025-12-12 13:12:09 | branch_code=3 | firm_id=1 | month=January 2026
2025-12-12 13:12:25 | branch_code=3 | firm_id=1 | month=January 2026
2025-12-12 13:12:45 | branch_code=2 | firm_id=2 | month=December 2025
2025-12-12 13:13:05 | branch_code=2014 | firm_id=3 | month=March 2026
2025-12-12 13:13:23 | branch_code=2014 | firm_id=3 | month=March 2026
2025-12-12 13:13:43 | branch_code=2014 | firm_id=3 | month=August 2025
2025-12-12 13:13:59 | branch_code=2015 | firm_id=3 | month=March 2026
2025-12-12 13:14:22 | branch_code=2015 | firm_id=3 | month=August 2025
2025-12-12 13:16:00 | branch_code=11 | firm_id=2 | month=December 2025
2025-12-12 13:17:36 | branch_code=17 | firm_id=2 | month=December 2025
2025-12-12 13:17:55 | branch_code=2016 | firm_id=3 | month=March 2026
2025-12-12 13:21:04 | branch_code=106 | firm_id=2 | month=December 2025
2025-12-12 13:21:25 | branch_code=2014 | firm_id=3 | month=September 2025
2025-12-12 13:27:12 | branch_code=2015 | firm_id=3 | month=August 2025
2025-12-12 13:28:01 | branch_code=2015 | firm_id=2 | month=June 2025
2025-12-12 13:28:11 | branch_code=2012 | firm_id=2 | month=June 2025
2025-12-12 13:28:16 | branch_code=2012 | firm_id=2 | month=July 2025
2025-12-12 13:39:11 | branch_code=2014 | firm_id=3 | month=December 2025
2025-12-12 13:46:42 | branch_code=2015 | firm_id=3 | month=September 2025
2025-12-12 13:47:05 | branch_code=2015 | firm_id=1 | month=September 2025
2025-12-12 13:47:15 | branch_code=48 | firm_id=1 | month=September 2025
2025-12-12 14:04:22 | branch_code=3 | firm_id=1 | month=November 2025
2025-12-12 14:33:30 | branch_code=2015 | firm_id=3 | month=November 2025
2025-12-12 14:33:30 | branch_code=2015 | firm_id=3 | month=November 2025
2025-12-12 14:33:30 | branch_code=2015 | firm_id=3 | month=November 2025
2025-12-12 14:33:30 | branch_code=2015 | firm_id=3 | month=November 2025
2025-12-12 14:33:59 | branch_code=2015 | firm_id=3 | month=August 2025
2025-12-12 14:33:59 | branch_code=2015 | firm_id=3 | month=August 2025
2025-12-12 14:33:59 | branch_code=2015 | firm_id=3 | month=August 2025
2025-12-12 14:33:59 | branch_code=2015 | firm_id=3 | month=August 2025
2025-12-12 14:34:14 | branch_code=2015 | firm_id=3 | month=November 2025
2025-12-12 14:34:14 | branch_code=2015 | firm_id=3 | month=November 2025
2025-12-12 14:34:14 | branch_code=2015 | firm_id=3 | month=November 2025
2025-12-12 14:34:14 | branch_code=2015 | firm_id=3 | month=November 2025
2025-12-12 14:35:30 | branch_code=2014 | firm_id=3 | month=November 2025
2025-12-12 14:35:30 | branch_code=2014 | firm_id=3 | month=November 2025
2025-12-12 14:36:10 | branch_code=2014 | firm_id=3 | month=February 2026
2025-12-12 14:36:11 | branch_code=2014 | firm_id=3 | month=February 2026
2025-12-12 14:52:58 | branch_code=9530 | firm_id=1 | month=November 2025
2025-12-12 14:52:58 | branch_code=9530 | firm_id=1 | month=November 2025
2025-12-12 14:52:58 | branch_code=9530 | firm_id=1 | month=November 2025
2025-12-12 14:52:58 | branch_code=9530 | firm_id=1 | month=November 2025
2025-12-12 14:53:05 | branch_code=2002 | firm_id=1 | month=November 2025
2025-12-12 14:53:05 | branch_code=2002 | firm_id=1 | month=November 2025
2025-12-12 14:53:05 | branch_code=2002 | firm_id=1 | month=November 2025
2025-12-12 14:53:05 | branch_code=2002 | firm_id=1 | month=November 2025
2025-12-12 14:53:33 | branch_code=2014 | firm_id=3 | month=November 2025
2025-12-12 14:53:33 | branch_code=2014 | firm_id=3 | month=November 2025
2025-12-12 14:53:33 | branch_code=2014 | firm_id=3 | month=November 2025
2025-12-12 14:53:33 | branch_code=2014 | firm_id=3 | month=November 2025
2025-12-12 15:06:42 | branch_code=2015 | firm_id=3 | month=November 2025
2025-12-12 15:07:10 | branch_code=2015 | firm_id=3 | month=August 2025
2025-12-12 15:14:58 | branch_code=2016 | firm_id=3 | month=November 2025
2025-12-12 15:16:37 | branch_code=2016 | firm_id=3 | month=November 2025
2025-12-12 15:23:02 | branch_code=2015 | firm_id=3 | month=November 2025
2025-12-12 15:27:25 | branch_code=2015 | firm_id=3 | month=November 2025
2025-12-12 15:27:25 | branch_code=2015 | firm_id=3 | month=November 2025
2025-12-12 15:37:12 | branch_code=3 | firm_id=1 | month=March 2026
2025-12-12 15:37:28 | branch_code=2001 | firm_id=1 | month=March 2026
2025-12-12 15:38:59 | branch_code=2001 | firm_id=1 | month=March 2026
2025-12-12 15:39:52 | branch_code=2002 | firm_id=1 | month=March 2026
2025-12-12 15:40:43 | branch_code=2002 | firm_id=1 | month=March 2026
2025-12-12 15:40:43 | branch_code=2002 | firm_id=1 | month=March 2026
2025-12-12 15:40:43 | branch_code=2002 | firm_id=1 | month=March 2026
2025-12-12 15:40:43 | branch_code=2002 | firm_id=1 | month=March 2026
2025-12-12 15:42:04 | branch_code=2015 | firm_id=3 | month=March 2026
2025-12-12 15:42:04 | branch_code=2015 | firm_id=3 | month=March 2026
2025-12-12 15:42:04 | branch_code=2015 | firm_id=3 | month=March 2026
2025-12-12 15:42:04 | branch_code=2015 | firm_id=3 | month=March 2026
2025-12-12 15:42:16 | branch_code=2014 | firm_id=3 | month=March 2026
2025-12-12 15:42:16 | branch_code=2014 | firm_id=3 | month=March 2026
2025-12-12 15:42:16 | branch_code=2014 | firm_id=3 | month=March 2026
2025-12-12 15:42:16 | branch_code=2014 | firm_id=3 | month=March 2026
2025-12-12 15:42:41 | branch_code=2017 | firm_id=3 | month=March 2026
2025-12-12 15:42:41 | branch_code=2017 | firm_id=3 | month=March 2026
2025-12-12 15:42:41 | branch_code=2017 | firm_id=3 | month=March 2026
2025-12-12 15:42:41 | branch_code=2017 | firm_id=3 | month=March 2026
2025-12-12 15:42:44 | branch_code=2016 | firm_id=3 | month=March 2026
2025-12-12 15:42:44 | branch_code=2016 | firm_id=3 | month=March 2026
2025-12-12 15:42:44 | branch_code=2016 | firm_id=3 | month=March 2026
2025-12-12 15:42:44 | branch_code=2016 | firm_id=3 | month=March 2026
2025-12-12 15:43:22 | branch_code=2015 | firm_id=3 | month=June 2025
2025-12-12 15:43:22 | branch_code=2015 | firm_id=3 | month=June 2025
2025-12-12 15:43:22 | branch_code=2015 | firm_id=3 | month=June 2025
2025-12-12 15:43:22 | branch_code=2015 | firm_id=3 | month=June 2025
2025-12-12 15:43:35 | branch_code=2016 | firm_id=3 | month=March 2026
2025-12-12 15:43:35 | branch_code=2016 | firm_id=3 | month=March 2026
2025-12-12 15:43:35 | branch_code=2016 | firm_id=3 | month=March 2026
2025-12-12 15:43:35 | branch_code=2016 | firm_id=3 | month=March 2026
2025-12-12 15:43:52 | branch_code=2016 | firm_id=3 | month=January 2026
2025-12-12 15:43:52 | branch_code=2016 | firm_id=3 | month=January 2026
2025-12-12 15:43:52 | branch_code=2016 | firm_id=3 | month=January 2026
2025-12-12 15:43:52 | branch_code=2016 | firm_id=3 | month=January 2026
2025-12-12 16:18:19 | branch_code=2002 | firm_id=1 | month=March 2026
2025-12-12 16:18:32 | branch_code=2002 | firm_id=1 | month=March 2026
2025-12-12 16:18:33 | branch_code=2002 | firm_id=1 | month=April 2025
2025-12-12 16:18:39 | branch_code=2002 | firm_id=1 | month=March 2026
2025-12-12 16:19:36 | branch_code=2002 | firm_id=1 | month=July 2025
2025-12-12 16:19:54 | branch_code=2002 | firm_id=1 | month=March 2026
2025-12-12 16:33:03 | branch_code=2002 | firm_id=1 | month=March 2026
2025-12-12 16:33:35 | branch_code=2002 | firm_id=1 | month=March 2026
2025-12-12 16:35:29 | branch_code=2002 | firm_id=1 | month=March 2026
2025-12-15 09:20:03 | branch_code=2011 | firm_id=3 | month=April 2025
2025-12-15 09:20:03 | branch_code=2011 | firm_id=3 | month=April 2025
2025-12-15 09:20:03 | branch_code=2011 | firm_id=3 | month=April 2025
2025-12-15 09:20:03 | branch_code=2011 | firm_id=3 | month=April 2025
2025-12-15 09:20:07 | branch_code=2014 | firm_id=3 | month=April 2025
2025-12-15 09:20:07 | branch_code=2014 | firm_id=3 | month=April 2025
2025-12-15 09:20:07 | branch_code=2014 | firm_id=3 | month=April 2025
2025-12-15 09:20:07 | branch_code=2014 | firm_id=3 | month=April 2025
2025-12-15 09:20:23 | branch_code=2015 | firm_id=3 | month=April 2025
2025-12-15 09:20:23 | branch_code=2015 | firm_id=3 | month=April 2025
2025-12-15 09:20:23 | branch_code=2015 | firm_id=3 | month=April 2025
2025-12-15 09:20:23 | branch_code=2015 | firm_id=3 | month=April 2025
2025-12-15 09:20:37 | branch_code=2016 | firm_id=3 | month=April 2025
2025-12-15 09:20:37 | branch_code=2016 | firm_id=3 | month=April 2025
2025-12-15 09:20:37 | branch_code=2016 | firm_id=3 | month=April 2025
2025-12-15 09:20:37 | branch_code=2016 | firm_id=3 | month=April 2025
2025-12-15 09:22:21 | branch_code=2007 | firm_id=1 | month=April 2025
2025-12-15 09:22:21 | branch_code=2007 | firm_id=1 | month=April 2025
2025-12-15 09:22:21 | branch_code=2007 | firm_id=1 | month=April 2025
2025-12-15 09:22:21 | branch_code=2007 | firm_id=1 | month=April 2025
2025-12-15 09:22:21 | branch_code=2007 | firm_id=1 | month=April 2025
2025-12-15 14:03:33 | branch_code=2014 | firm_id=3 | month=April 2025
2025-12-15 14:03:33 | branch_code=2014 | firm_id=3 | month=April 2025
2025-12-15 14:04:23 | branch_code=2015 | firm_id=3 | month=April 2025
2025-12-15 14:04:23 | branch_code=2015 | firm_id=3 | month=April 2025
2025-12-15 14:05:22 | branch_code=2015 | firm_id=3 | month=April 2025
2025-12-15 14:05:22 | branch_code=2015 | firm_id=3 | month=April 2025
2025-12-15 14:05:36 | branch_code=2015 | firm_id=3 | month=April 2025
2025-12-15 14:05:36 | branch_code=2015 | firm_id=3 | month=April 2025
2025-12-15 14:05:55 | branch_code=2016 | firm_id=3 | month=April 2025
2025-12-15 14:05:55 | branch_code=2016 | firm_id=3 | month=April 2025
2025-12-15 14:06:24 | branch_code=2014 | firm_id=3 | month=April 2025
2025-12-15 14:06:24 | branch_code=2014 | firm_id=3 | month=April 2025
2025-12-15 14:06:44 | branch_code=2016 | firm_id=3 | month=April 2025
2025-12-15 14:06:44 | branch_code=2016 | firm_id=3 | month=April 2025
2025-12-15 14:06:44 | branch_code=2016 | firm_id=3 | month=April 2025
2025-12-15 14:07:15 | branch_code=2014 | firm_id=3 | month=April 2025
2025-12-15 14:07:15 | branch_code=2014 | firm_id=3 | month=April 2025
2025-12-15 14:07:15 | branch_code=2014 | firm_id=3 | month=April 2025
2025-12-18 12:15:55 | branch_code=2014 | firm_id=3 | month=November 2025
2025-12-18 12:16:14 | branch_code=48 | firm_id=1 | month=September 2025
2025-12-18 12:16:49 | branch_code=48 | firm_id=1 | month=September 2025
2025-12-18 12:17:09 | branch_code=48 | firm_id=1 | month=September 2025
2025-12-18 15:17:07 | branch_code=3 | firm_id=1 | month=March 2026
2025-12-18 15:39:42 | branch_code=61 | firm_id=2 | month=March 2026
2025-12-18 15:43:54 | branch_code=9530 | firm_id=1 | month=February 2026
2025-12-18 16:06:02 | branch_code=61 | firm_id=2 | month=February 2026
2025-12-18 16:06:36 | branch_code=61 | firm_id=2 | month=February 2026
2025-12-18 16:06:36 | branch_code=61 | firm_id=2 | month=February 2026
2025-12-22 15:22:34 | branch_code=3 | firm_id=1 | month=December 2025
2025-12-22 15:22:34 | branch_code=3 | firm_id=1 | month=December 2025
