[2025-11-03 15:35:41] FETCH: month=April 2025
[2025-11-03 15:35:46] FETCH: month=May 2025
[2025-11-03 15:46:12] FETCH: month=April 2025
[2025-11-03 15:46:21] FETCH: month=January 2026
[2025-11-04 09:07:32] FETCH: month=May 2025
[2025-11-04 12:19:48] FETCH: month=May 2025
[2025-11-04 16:54:28] FETCH: month=August 2025
[2025-11-04 16:56:58] FETCH: month=August 2025
[2025-11-04 16:58:54] FETCH: month=September 2025
[2025-11-04 16:59:44] FETCH: month=September 2025
[2025-11-04 17:00:06] FETCH: month=September 2025
[2025-11-06 11:53:22] FETCH: month=May 2025
[2025-11-06 11:53:39] FETCH: month=May 2025
[2025-11-06 11:59:48] FETCH: month=July 2025
[2025-11-07 11:25:52] FETCH: month=October 2025
[2025-11-07 11:26:13] FETCH: month=October 2025
[2025-11-07 11:26:28] FETCH: month=October 2025
[2025-11-07 15:39:48] FETCH: month=May 2025
[2025-11-07 15:39:58] FETCH: month=October 2025
[2025-11-07 15:40:10] FETCH: month=May 2025
[2025-12-17 09:40:35] FETCH: month=April 2025
[2025-12-17 09:40:51] FETCH: month=April 2025
[2025-12-22 15:23:40] FETCH: month=April 2025
[2025-12-22 15:23:47] FETCH: month=April 2025
[2025-12-30 14:40:40] FETCH: month=April 2025
[2025-12-30 14:40:59] FETCH: month=August 2025
