2025-12-03 13:13:45 | branch_code=2 | month=February 2026 | firm_id=2
2025-12-05 10:35:06 | branch_code=2 | month=February 2026 | firm_id=2
2025-12-05 10:35:06 | branch_code=2 | month=February 2026 | firm_id=2
2025-12-05 10:35:06 | branch_code=2 | month=February 2026 | firm_id=2
2025-12-05 10:35:06 | branch_code=2 | month=February 2026 | firm_id=2
2025-12-05 10:35:06 | branch_code=2 | month=February 2026 | firm_id=2
2025-12-05 10:35:06 | branch_code=2 | month=February 2026 | firm_id=2
2025-12-05 10:35:06 | branch_code=2 | month=February 2026 | firm_id=2
2025-12-05 10:36:34 | branch_code=11 | month=February 2026 | firm_id=2
2025-12-05 10:36:34 | branch_code=11 | month=February 2026 | firm_id=2
2025-12-05 10:36:34 | branch_code=11 | month=February 2026 | firm_id=2
2025-12-05 10:36:34 | branch_code=11 | month=February 2026 | firm_id=2
2025-12-05 10:36:34 | branch_code=11 | month=February 2026 | firm_id=2
2025-12-05 10:36:34 | branch_code=11 | month=February 2026 | firm_id=2
2025-12-05 10:36:34 | branch_code=11 | month=February 2026 | firm_id=2
2025-12-05 10:37:05 | branch_code=16 | month=February 2026 | firm_id=2
2025-12-05 10:37:05 | branch_code=16 | month=February 2026 | firm_id=2
2025-12-05 10:37:05 | branch_code=16 | month=February 2026 | firm_id=2
2025-12-05 10:37:05 | branch_code=16 | month=February 2026 | firm_id=2
2025-12-05 10:37:05 | branch_code=16 | month=February 2026 | firm_id=2
2025-12-05 10:37:05 | branch_code=16 | month=February 2026 | firm_id=2
2025-12-05 10:37:05 | branch_code=16 | month=February 2026 | firm_id=2
2025-12-11 12:33:06 | branch_code=2011 | month=April 2025 | firm_id=2
2025-12-11 12:33:13 | branch_code=2012 | month=April 2025 | firm_id=2
2025-12-11 12:34:47 | branch_code=2011 | month=April 2025 | firm_id=2
2025-12-11 12:35:28 | branch_code=2011 | month=April 2025 | firm_id=2
2025-12-11 12:35:28 | branch_code=2011 | month=April 2025 | firm_id=2
2025-12-11 14:38:38 | branch_code=2014 | month=April 2025 | firm_id=3
2025-12-11 14:38:38 | branch_code=2014 | month=April 2025 | firm_id=3
2025-12-11 14:38:38 | branch_code=2014 | month=April 2025 | firm_id=3
2025-12-11 14:38:38 | branch_code=2014 | month=April 2025 | firm_id=3
2025-12-11 14:38:38 | branch_code=2014 | month=April 2025 | firm_id=3
2025-12-11 14:38:38 | branch_code=2014 | month=April 2025 | firm_id=3
2025-12-11 14:38:38 | branch_code=2014 | month=April 2025 | firm_id=3
2025-12-11 14:39:33 | branch_code=2015 | month=April 2025 | firm_id=3
2025-12-11 14:39:33 | branch_code=2015 | month=April 2025 | firm_id=3
2025-12-11 14:39:33 | branch_code=2015 | month=April 2025 | firm_id=3
2025-12-11 14:39:33 | branch_code=2015 | month=April 2025 | firm_id=3
2025-12-11 14:39:33 | branch_code=2015 | month=April 2025 | firm_id=3
2025-12-11 14:39:33 | branch_code=2015 | month=April 2025 | firm_id=3
2025-12-11 14:39:33 | branch_code=2015 | month=April 2025 | firm_id=3
2025-12-11 14:55:57 | branch_code=2015 | month=April 2025 | firm_id=3
2025-12-11 14:55:57 | branch_code=2015 | month=April 2025 | firm_id=3
2025-12-11 14:55:57 | branch_code=2015 | month=April 2025 | firm_id=3
2025-12-11 14:55:57 | branch_code=2015 | month=April 2025 | firm_id=3
2025-12-11 14:55:57 | branch_code=2015 | month=April 2025 | firm_id=3
2025-12-11 14:55:57 | branch_code=2015 | month=April 2025 | firm_id=3
2025-12-11 14:55:57 | branch_code=2015 | month=April 2025 | firm_id=3
2025-12-11 15:03:31 | branch_code=2016 | month=April 2025 | firm_id=3
2025-12-11 15:03:31 | branch_code=2016 | month=April 2025 | firm_id=3
2025-12-11 15:03:31 | branch_code=2016 | month=April 2025 | firm_id=3
2025-12-11 15:03:31 | branch_code=2016 | month=April 2025 | firm_id=3
2025-12-11 15:03:31 | branch_code=2016 | month=April 2025 | firm_id=3
2025-12-11 15:03:31 | branch_code=2016 | month=April 2025 | firm_id=3
2025-12-11 15:03:31 | branch_code=2016 | month=April 2025 | firm_id=3
2025-12-11 15:06:01 | branch_code=2014 | month=April 2025 | firm_id=3
2025-12-11 15:06:01 | branch_code=2014 | month=April 2025 | firm_id=3
2025-12-11 15:06:01 | branch_code=2014 | month=April 2025 | firm_id=3
2025-12-11 15:06:01 | branch_code=2014 | month=April 2025 | firm_id=3
2025-12-11 15:06:01 | branch_code=2014 | month=April 2025 | firm_id=3
2025-12-11 15:06:01 | branch_code=2014 | month=April 2025 | firm_id=3
2025-12-11 15:06:01 | branch_code=2014 | month=April 2025 | firm_id=3
2025-12-12 09:30:40 | branch_code=2014 | month=April 2025 | firm_id=3
2025-12-12 09:40:37 | branch_code=2014 | month=August 2025 | firm_id=3
2025-12-12 09:41:21 | branch_code=2014 | month=August 2025 | firm_id=3
2025-12-12 10:00:13 | branch_code=2014 | month=November 2025 | firm_id=3
2025-12-12 10:00:40 | branch_code=2014 | month=June 2025 | firm_id=3
2025-12-12 10:01:15 | branch_code=2016 | month=June 2025 | firm_id=3
2025-12-12 12:21:17 | branch_code=58 | month=August 2025 | firm_id=1
2025-12-12 12:21:36 | branch_code=58 | month=September 2025 | firm_id=1
2025-12-12 12:21:46 | branch_code=3 | month=October 2025 | firm_id=1
2025-12-12 12:29:24 | branch_code=23 | month=June 2025 | firm_id=2
2025-12-12 12:38:00 | branch_code=58 | month=August 2025 | firm_id=1
2025-12-12 12:40:27 | branch_code=2012 | month=July 2025 | firm_id=2
2025-12-12 12:50:13 | branch_code=2003 | month=July 2025 | firm_id=1
2025-12-12 13:01:22 | branch_code=3 | month=October 2025 | firm_id=1
2025-12-12 13:04:05 | branch_code=25 | month=October 2025 | firm_id=1
2025-12-12 13:12:09 | branch_code=3 | month=January 2026 | firm_id=1
2025-12-12 13:12:25 | branch_code=3 | month=January 2026 | firm_id=1
2025-12-12 13:12:45 | branch_code=2 | month=December 2025 | firm_id=2
2025-12-12 13:16:00 | branch_code=11 | month=December 2025 | firm_id=2
2025-12-12 13:17:37 | branch_code=17 | month=December 2025 | firm_id=2
2025-12-12 13:21:04 | branch_code=106 | month=December 2025 | firm_id=2
2025-12-12 13:28:12 | branch_code=2012 | month=June 2025 | firm_id=2
2025-12-12 13:28:16 | branch_code=2012 | month=July 2025 | firm_id=2
2025-12-12 13:47:15 | branch_code=48 | month=September 2025 | firm_id=1
2025-12-12 14:04:22 | branch_code=3 | month=November 2025 | firm_id=1
2025-12-12 14:52:59 | branch_code=9530 | month=November 2025 | firm_id=1
2025-12-12 14:52:59 | branch_code=9530 | month=November 2025 | firm_id=1
2025-12-12 14:52:59 | branch_code=9530 | month=November 2025 | firm_id=1
2025-12-12 14:52:59 | branch_code=9530 | month=November 2025 | firm_id=1
2025-12-12 14:53:06 | branch_code=2002 | month=November 2025 | firm_id=1
2025-12-12 14:53:06 | branch_code=2002 | month=November 2025 | firm_id=1
2025-12-12 14:53:06 | branch_code=2002 | month=November 2025 | firm_id=1
2025-12-12 14:53:06 | branch_code=2002 | month=November 2025 | firm_id=1
2025-12-12 15:37:13 | branch_code=3 | month=March 2026 | firm_id=1
2025-12-12 15:37:29 | branch_code=2001 | month=March 2026 | firm_id=1
2025-12-12 15:39:00 | branch_code=2001 | month=March 2026 | firm_id=1
2025-12-12 15:39:52 | branch_code=2002 | month=March 2026 | firm_id=1
2025-12-12 15:40:44 | branch_code=2002 | month=March 2026 | firm_id=1
2025-12-12 15:40:44 | branch_code=2002 | month=March 2026 | firm_id=1
2025-12-12 15:40:44 | branch_code=2002 | month=March 2026 | firm_id=1
2025-12-12 15:40:44 | branch_code=2002 | month=March 2026 | firm_id=1
2025-12-12 16:18:19 | branch_code=2002 | month=March 2026 | firm_id=1
2025-12-12 16:18:32 | branch_code=2002 | month=March 2026 | firm_id=1
2025-12-12 16:18:33 | branch_code=2002 | month=April 2025 | firm_id=1
2025-12-12 16:18:39 | branch_code=2002 | month=March 2026 | firm_id=1
2025-12-12 16:19:36 | branch_code=2002 | month=July 2025 | firm_id=1
2025-12-12 16:19:54 | branch_code=2002 | month=March 2026 | firm_id=1
2025-12-12 16:33:03 | branch_code=2002 | month=March 2026 | firm_id=1
2025-12-12 16:33:36 | branch_code=2002 | month=March 2026 | firm_id=1
2025-12-12 16:35:29 | branch_code=2002 | month=March 2026 | firm_id=1
2025-12-15 09:22:21 | branch_code=2007 | month=April 2025 | firm_id=1
2025-12-15 09:22:21 | branch_code=2007 | month=April 2025 | firm_id=1
2025-12-15 09:22:21 | branch_code=2007 | month=April 2025 | firm_id=1
2025-12-15 09:22:21 | branch_code=2007 | month=April 2025 | firm_id=1
2025-12-15 09:22:21 | branch_code=2007 | month=April 2025 | firm_id=1
2025-12-18 12:16:15 | branch_code=48 | month=September 2025 | firm_id=1
2025-12-18 12:16:49 | branch_code=48 | month=September 2025 | firm_id=1
2025-12-18 12:17:10 | branch_code=48 | month=September 2025 | firm_id=1
2025-12-18 15:17:07 | branch_code=3 | month=March 2026 | firm_id=1
2025-12-18 15:39:42 | branch_code=61 | month=March 2026 | firm_id=2
2025-12-18 15:43:55 | branch_code=9530 | month=February 2026 | firm_id=1
2025-12-18 16:06:02 | branch_code=61 | month=February 2026 | firm_id=2
2025-12-18 16:06:36 | branch_code=61 | month=February 2026 | firm_id=2
2025-12-18 16:06:36 | branch_code=61 | month=February 2026 | firm_id=2
2025-12-22 15:22:35 | branch_code=3 | month=December 2025 | firm_id=1
2025-12-22 15:22:35 | branch_code=3 | month=December 2025 | firm_id=1
