2025-12-03 13:13:46 | branch_code=2 | month=February 2026 | firm_id=2
2025-12-05 10:35:06 | branch_code=2 | month=February 2026 | firm_id=2
2025-12-05 10:35:06 | branch_code=2 | month=February 2026 | firm_id=2
2025-12-05 10:35:06 | branch_code=2 | month=February 2026 | firm_id=2
2025-12-05 10:35:06 | branch_code=2 | month=February 2026 | firm_id=2
2025-12-05 10:35:06 | branch_code=2 | month=February 2026 | firm_id=2
2025-12-05 10:35:06 | branch_code=2 | month=February 2026 | firm_id=2
2025-12-05 10:35:06 | branch_code=2 | month=February 2026 | firm_id=2
2025-12-05 10:35:21 | branch_code=2 | month=February 2026 | firm_id=2
2025-12-05 10:35:21 | branch_code=2 | month=February 2026 | firm_id=2
2025-12-05 10:35:21 | branch_code=2 | month=February 2026 | firm_id=2
2025-12-05 10:35:21 | branch_code=2 | month=February 2026 | firm_id=2
2025-12-05 10:35:21 | branch_code=2 | month=February 2026 | firm_id=2
2025-12-05 10:35:21 | branch_code=2 | month=February 2026 | firm_id=2
2025-12-05 10:35:21 | branch_code=2 | month=February 2026 | firm_id=2
2025-12-05 10:36:11 | branch_code=2 | month=February 2026 | firm_id=2
2025-12-05 10:36:11 | branch_code=2 | month=February 2026 | firm_id=2
2025-12-05 10:36:11 | branch_code=2 | month=February 2026 | firm_id=2
2025-12-05 10:36:11 | branch_code=2 | month=February 2026 | firm_id=2
2025-12-05 10:36:11 | branch_code=2 | month=February 2026 | firm_id=2
2025-12-05 10:36:11 | branch_code=2 | month=February 2026 | firm_id=2
2025-12-05 10:36:11 | branch_code=2 | month=February 2026 | firm_id=2
2025-12-05 10:36:34 | branch_code=11 | month=February 2026 | firm_id=2
2025-12-05 10:36:34 | branch_code=11 | month=February 2026 | firm_id=2
2025-12-05 10:36:34 | branch_code=11 | month=February 2026 | firm_id=2
2025-12-05 10:36:34 | branch_code=11 | month=February 2026 | firm_id=2
2025-12-05 10:36:34 | branch_code=11 | month=February 2026 | firm_id=2
2025-12-05 10:36:34 | branch_code=11 | month=February 2026 | firm_id=2
2025-12-05 10:36:34 | branch_code=11 | month=February 2026 | firm_id=2
2025-12-05 10:36:42 | branch_code=11 | month=February 2026 | firm_id=2
2025-12-05 10:36:42 | branch_code=11 | month=February 2026 | firm_id=2
2025-12-05 10:36:42 | branch_code=11 | month=February 2026 | firm_id=2
2025-12-05 10:36:42 | branch_code=11 | month=February 2026 | firm_id=2
2025-12-05 10:36:42 | branch_code=11 | month=February 2026 | firm_id=2
2025-12-05 10:36:42 | branch_code=11 | month=February 2026 | firm_id=2
2025-12-05 10:36:42 | branch_code=11 | month=February 2026 | firm_id=2
2025-12-05 10:37:06 | branch_code=16 | month=February 2026 | firm_id=2
2025-12-05 10:37:06 | branch_code=16 | month=February 2026 | firm_id=2
2025-12-05 10:37:06 | branch_code=16 | month=February 2026 | firm_id=2
2025-12-05 10:37:06 | branch_code=16 | month=February 2026 | firm_id=2
2025-12-05 10:37:06 | branch_code=16 | month=February 2026 | firm_id=2
2025-12-05 10:37:06 | branch_code=16 | month=February 2026 | firm_id=2
2025-12-05 10:37:06 | branch_code=16 | month=February 2026 | firm_id=2
2025-12-05 10:37:10 | branch_code=16 | month=February 2026 | firm_id=2
2025-12-05 10:37:10 | branch_code=16 | month=February 2026 | firm_id=2
2025-12-05 10:37:10 | branch_code=16 | month=February 2026 | firm_id=2
2025-12-05 10:37:10 | branch_code=16 | month=February 2026 | firm_id=2
2025-12-05 10:37:10 | branch_code=16 | month=February 2026 | firm_id=2
2025-12-05 10:37:10 | branch_code=16 | month=February 2026 | firm_id=2
2025-12-05 10:37:10 | branch_code=16 | month=February 2026 | firm_id=2
2025-12-05 10:39:26 | branch_code=11 | month=February 2026 | firm_id=2
2025-12-05 10:39:26 | branch_code=11 | month=February 2026 | firm_id=2
2025-12-05 10:39:26 | branch_code=11 | month=February 2026 | firm_id=2
2025-12-05 10:39:26 | branch_code=11 | month=February 2026 | firm_id=2
2025-12-05 10:39:26 | branch_code=11 | month=February 2026 | firm_id=2
2025-12-05 10:39:26 | branch_code=11 | month=February 2026 | firm_id=2
2025-12-05 10:39:26 | branch_code=11 | month=February 2026 | firm_id=2
2025-12-11 12:33:07 | branch_code=2011 | month=April 2025 | firm_id=2
2025-12-11 12:33:13 | branch_code=2012 | month=April 2025 | firm_id=2
2025-12-11 12:33:22 | branch_code=2012 | month=April 2025 | firm_id=2
2025-12-11 12:34:47 | branch_code=2011 | month=April 2025 | firm_id=2
2025-12-11 12:34:52 | branch_code=2011 | month=April 2025 | firm_id=2
2025-12-11 12:35:29 | branch_code=2011 | month=April 2025 | firm_id=2
2025-12-11 12:35:29 | branch_code=2011 | month=April 2025 | firm_id=2
2025-12-11 12:35:33 | branch_code=2011 | month=April 2025 | firm_id=2
2025-12-11 12:35:33 | branch_code=2011 | month=April 2025 | firm_id=2
2025-12-11 14:38:39 | branch_code=2014 | month=April 2025 | firm_id=3
2025-12-11 14:38:39 | branch_code=2014 | month=April 2025 | firm_id=3
2025-12-11 14:38:39 | branch_code=2014 | month=April 2025 | firm_id=3
2025-12-11 14:38:39 | branch_code=2014 | month=April 2025 | firm_id=3
2025-12-11 14:38:39 | branch_code=2014 | month=April 2025 | firm_id=3
2025-12-11 14:38:39 | branch_code=2014 | month=April 2025 | firm_id=3
2025-12-11 14:38:39 | branch_code=2014 | month=April 2025 | firm_id=3
2025-12-11 14:39:03 | branch_code=2014 | month=April 2025 | firm_id=3
2025-12-11 14:39:03 | branch_code=2014 | month=April 2025 | firm_id=3
2025-12-11 14:39:03 | branch_code=2014 | month=April 2025 | firm_id=3
2025-12-11 14:39:03 | branch_code=2014 | month=April 2025 | firm_id=3
2025-12-11 14:39:03 | branch_code=2014 | month=April 2025 | firm_id=3
2025-12-11 14:39:03 | branch_code=2014 | month=April 2025 | firm_id=3
2025-12-11 14:39:03 | branch_code=2014 | month=April 2025 | firm_id=3
2025-12-11 14:39:33 | branch_code=2015 | month=April 2025 | firm_id=3
2025-12-11 14:39:33 | branch_code=2015 | month=April 2025 | firm_id=3
2025-12-11 14:39:33 | branch_code=2015 | month=April 2025 | firm_id=3
2025-12-11 14:39:33 | branch_code=2015 | month=April 2025 | firm_id=3
2025-12-11 14:39:33 | branch_code=2015 | month=April 2025 | firm_id=3
2025-12-11 14:39:33 | branch_code=2015 | month=April 2025 | firm_id=3
2025-12-11 14:39:33 | branch_code=2015 | month=April 2025 | firm_id=3
2025-12-11 14:39:38 | branch_code=2015 | month=April 2025 | firm_id=3
2025-12-11 14:39:38 | branch_code=2015 | month=April 2025 | firm_id=3
2025-12-11 14:39:38 | branch_code=2015 | month=April 2025 | firm_id=3
2025-12-11 14:39:38 | branch_code=2015 | month=April 2025 | firm_id=3
2025-12-11 14:39:38 | branch_code=2015 | month=April 2025 | firm_id=3
2025-12-11 14:39:38 | branch_code=2015 | month=April 2025 | firm_id=3
2025-12-11 14:39:38 | branch_code=2015 | month=April 2025 | firm_id=3
2025-12-11 14:55:57 | branch_code=2015 | month=April 2025 | firm_id=3
2025-12-11 14:55:57 | branch_code=2015 | month=April 2025 | firm_id=3
2025-12-11 14:55:57 | branch_code=2015 | month=April 2025 | firm_id=3
2025-12-11 14:55:57 | branch_code=2015 | month=April 2025 | firm_id=3
2025-12-11 14:55:57 | branch_code=2015 | month=April 2025 | firm_id=3
2025-12-11 14:55:57 | branch_code=2015 | month=April 2025 | firm_id=3
2025-12-11 14:55:57 | branch_code=2015 | month=April 2025 | firm_id=3
2025-12-11 15:00:54 | branch_code=2015 | month=April 2025 | firm_id=3
2025-12-11 15:00:54 | branch_code=2015 | month=April 2025 | firm_id=3
2025-12-11 15:00:54 | branch_code=2015 | month=April 2025 | firm_id=3
2025-12-11 15:00:54 | branch_code=2015 | month=April 2025 | firm_id=3
2025-12-11 15:00:54 | branch_code=2015 | month=April 2025 | firm_id=3
2025-12-11 15:00:54 | branch_code=2015 | month=April 2025 | firm_id=3
2025-12-11 15:00:54 | branch_code=2015 | month=April 2025 | firm_id=3
2025-12-11 15:03:04 | branch_code=2015 | month=April 2025 | firm_id=3
2025-12-11 15:03:04 | branch_code=2015 | month=April 2025 | firm_id=3
2025-12-11 15:03:04 | branch_code=2015 | month=April 2025 | firm_id=3
2025-12-11 15:03:04 | branch_code=2015 | month=April 2025 | firm_id=3
2025-12-11 15:03:04 | branch_code=2015 | month=April 2025 | firm_id=3
2025-12-11 15:03:04 | branch_code=2015 | month=April 2025 | firm_id=3
2025-12-11 15:03:04 | branch_code=2015 | month=April 2025 | firm_id=3
2025-12-11 15:03:31 | branch_code=2016 | month=April 2025 | firm_id=3
2025-12-11 15:03:31 | branch_code=2016 | month=April 2025 | firm_id=3
2025-12-11 15:03:31 | branch_code=2016 | month=April 2025 | firm_id=3
2025-12-11 15:03:31 | branch_code=2016 | month=April 2025 | firm_id=3
2025-12-11 15:03:31 | branch_code=2016 | month=April 2025 | firm_id=3
2025-12-11 15:03:31 | branch_code=2016 | month=April 2025 | firm_id=3
2025-12-11 15:03:31 | branch_code=2016 | month=April 2025 | firm_id=3
2025-12-11 15:04:14 | branch_code=2016 | month=April 2025 | firm_id=3
2025-12-11 15:04:14 | branch_code=2016 | month=April 2025 | firm_id=3
2025-12-11 15:04:14 | branch_code=2016 | month=April 2025 | firm_id=3
2025-12-11 15:04:14 | branch_code=2016 | month=April 2025 | firm_id=3
2025-12-11 15:04:14 | branch_code=2016 | month=April 2025 | firm_id=3
2025-12-11 15:04:14 | branch_code=2016 | month=April 2025 | firm_id=3
2025-12-11 15:04:14 | branch_code=2016 | month=April 2025 | firm_id=3
2025-12-11 15:06:02 | branch_code=2014 | month=April 2025 | firm_id=3
2025-12-11 15:06:02 | branch_code=2014 | month=April 2025 | firm_id=3
2025-12-11 15:06:02 | branch_code=2014 | month=April 2025 | firm_id=3
2025-12-11 15:06:02 | branch_code=2014 | month=April 2025 | firm_id=3
2025-12-11 15:06:02 | branch_code=2014 | month=April 2025 | firm_id=3
2025-12-11 15:06:02 | branch_code=2014 | month=April 2025 | firm_id=3
2025-12-11 15:06:02 | branch_code=2014 | month=April 2025 | firm_id=3
2025-12-11 15:06:07 | branch_code=2014 | month=April 2025 | firm_id=3
2025-12-11 15:06:07 | branch_code=2014 | month=April 2025 | firm_id=3
2025-12-11 15:06:07 | branch_code=2014 | month=April 2025 | firm_id=3
2025-12-11 15:06:07 | branch_code=2014 | month=April 2025 | firm_id=3
2025-12-11 15:06:07 | branch_code=2014 | month=April 2025 | firm_id=3
2025-12-11 15:06:07 | branch_code=2014 | month=April 2025 | firm_id=3
2025-12-11 15:06:07 | branch_code=2014 | month=April 2025 | firm_id=3
2025-12-12 09:30:40 | branch_code=2014 | month=April 2025 | firm_id=3
2025-12-12 09:40:38 | branch_code=2014 | month=August 2025 | firm_id=3
2025-12-12 09:41:22 | branch_code=2014 | month=August 2025 | firm_id=3
2025-12-12 10:00:14 | branch_code=2014 | month=November 2025 | firm_id=3
2025-12-12 10:00:41 | branch_code=2014 | month=June 2025 | firm_id=3
2025-12-12 10:01:16 | branch_code=2016 | month=June 2025 | firm_id=3
2025-12-12 12:21:18 | branch_code=58 | month=August 2025 | firm_id=1
2025-12-12 12:21:20 | branch_code=58 | month=August 2025 | firm_id=1
2025-12-12 12:21:36 | branch_code=58 | month=September 2025 | firm_id=1
2025-12-12 12:21:46 | branch_code=3 | month=October 2025 | firm_id=1
2025-12-12 12:21:50 | branch_code=3 | month=October 2025 | firm_id=1
2025-12-12 12:21:52 | branch_code=3 | month=October 2025 | firm_id=1
2025-12-12 12:29:24 | branch_code=23 | month=June 2025 | firm_id=2
2025-12-12 12:29:26 | branch_code=23 | month=June 2025 | firm_id=2
2025-12-12 12:38:01 | branch_code=58 | month=August 2025 | firm_id=1
2025-12-12 12:38:03 | branch_code=58 | month=August 2025 | firm_id=1
2025-12-12 12:40:27 | branch_code=2012 | month=July 2025 | firm_id=2
2025-12-12 12:40:32 | branch_code=2012 | month=July 2025 | firm_id=2
2025-12-12 12:50:14 | branch_code=2003 | month=July 2025 | firm_id=1
2025-12-12 12:50:20 | branch_code=2003 | month=July 2025 | firm_id=1
2025-12-12 13:01:22 | branch_code=3 | month=October 2025 | firm_id=1
2025-12-12 13:01:26 | branch_code=3 | month=October 2025 | firm_id=1
2025-12-12 13:04:06 | branch_code=25 | month=October 2025 | firm_id=1
2025-12-12 13:04:08 | branch_code=25 | month=October 2025 | firm_id=1
2025-12-12 13:04:12 | branch_code=25 | month=October 2025 | firm_id=1
2025-12-12 13:04:26 | branch_code=25 | month=October 2025 | firm_id=1
2025-12-12 13:04:36 | branch_code=25 | month=October 2025 | firm_id=1
2025-12-12 13:12:09 | branch_code=3 | month=January 2026 | firm_id=1
2025-12-12 13:12:14 | branch_code=3 | month=January 2026 | firm_id=1
2025-12-12 13:12:26 | branch_code=3 | month=January 2026 | firm_id=1
2025-12-12 13:12:46 | branch_code=2 | month=December 2025 | firm_id=2
2025-12-12 13:12:48 | branch_code=2 | month=December 2025 | firm_id=2
2025-12-12 13:16:00 | branch_code=11 | month=December 2025 | firm_id=2
2025-12-12 13:16:02 | branch_code=11 | month=December 2025 | firm_id=2
2025-12-12 13:17:37 | branch_code=17 | month=December 2025 | firm_id=2
2025-12-12 13:17:39 | branch_code=17 | month=December 2025 | firm_id=2
2025-12-12 13:21:05 | branch_code=106 | month=December 2025 | firm_id=2
2025-12-12 13:21:07 | branch_code=106 | month=December 2025 | firm_id=2
2025-12-12 13:28:12 | branch_code=2012 | month=June 2025 | firm_id=2
2025-12-12 13:28:17 | branch_code=2012 | month=July 2025 | firm_id=2
2025-12-12 13:47:16 | branch_code=48 | month=September 2025 | firm_id=1
2025-12-12 14:04:22 | branch_code=3 | month=November 2025 | firm_id=1
2025-12-12 14:04:25 | branch_code=3 | month=November 2025 | firm_id=1
2025-12-12 14:52:59 | branch_code=9530 | month=November 2025 | firm_id=1
2025-12-12 14:52:59 | branch_code=9530 | month=November 2025 | firm_id=1
2025-12-12 14:52:59 | branch_code=9530 | month=November 2025 | firm_id=1
2025-12-12 14:52:59 | branch_code=9530 | month=November 2025 | firm_id=1
2025-12-12 14:53:06 | branch_code=2002 | month=November 2025 | firm_id=1
2025-12-12 14:53:06 | branch_code=2002 | month=November 2025 | firm_id=1
2025-12-12 14:53:06 | branch_code=2002 | month=November 2025 | firm_id=1
2025-12-12 14:53:06 | branch_code=2002 | month=November 2025 | firm_id=1
2025-12-12 14:53:10 | branch_code=2002 | month=November 2025 | firm_id=1
2025-12-12 14:53:10 | branch_code=2002 | month=November 2025 | firm_id=1
2025-12-12 14:53:10 | branch_code=2002 | month=November 2025 | firm_id=1
2025-12-12 14:53:10 | branch_code=2002 | month=November 2025 | firm_id=1
2025-12-12 15:37:13 | branch_code=3 | month=March 2026 | firm_id=1
2025-12-12 15:37:17 | branch_code=3 | month=March 2026 | firm_id=1
2025-12-12 15:37:29 | branch_code=2001 | month=March 2026 | firm_id=1
2025-12-12 15:37:36 | branch_code=2001 | month=March 2026 | firm_id=1
2025-12-12 15:39:00 | branch_code=2001 | month=March 2026 | firm_id=1
2025-12-12 15:39:07 | branch_code=2001 | month=March 2026 | firm_id=1
2025-12-12 15:39:13 | branch_code=2001 | month=March 2026 | firm_id=1
2025-12-12 15:39:18 | branch_code=2001 | month=March 2026 | firm_id=1
2025-12-12 15:39:22 | branch_code=2001 | month=March 2026 | firm_id=1
2025-12-12 15:39:52 | branch_code=2002 | month=March 2026 | firm_id=1
2025-12-12 15:39:56 | branch_code=2002 | month=March 2026 | firm_id=1
2025-12-12 15:40:44 | branch_code=2002 | month=March 2026 | firm_id=1
2025-12-12 15:40:44 | branch_code=2002 | month=March 2026 | firm_id=1
2025-12-12 15:40:44 | branch_code=2002 | month=March 2026 | firm_id=1
2025-12-12 15:40:44 | branch_code=2002 | month=March 2026 | firm_id=1
2025-12-12 15:41:18 | branch_code=2002 | month=March 2026 | firm_id=1
2025-12-12 15:41:18 | branch_code=2002 | month=March 2026 | firm_id=1
2025-12-12 15:41:18 | branch_code=2002 | month=March 2026 | firm_id=1
2025-12-12 15:41:18 | branch_code=2002 | month=March 2026 | firm_id=1
2025-12-12 16:18:19 | branch_code=2002 | month=March 2026 | firm_id=1
2025-12-12 16:18:21 | branch_code=2002 | month=March 2026 | firm_id=1
2025-12-12 16:18:24 | branch_code=2002 | month=March 2026 | firm_id=1
2025-12-12 16:18:30 | branch_code=2002 | month=March 2026 | firm_id=1
2025-12-12 16:18:32 | branch_code=2002 | month=March 2026 | firm_id=1
2025-12-12 16:18:33 | branch_code=2002 | month=April 2025 | firm_id=1
2025-12-12 16:18:39 | branch_code=2002 | month=March 2026 | firm_id=1
2025-12-12 16:18:41 | branch_code=2002 | month=March 2026 | firm_id=1
2025-12-12 16:18:43 | branch_code=2002 | month=March 2026 | firm_id=1
2025-12-12 16:18:47 | branch_code=2002 | month=March 2026 | firm_id=1
2025-12-12 16:18:54 | branch_code=2002 | month=March 2026 | firm_id=1
2025-12-12 16:19:34 | branch_code=2002 | month=March 2026 | firm_id=1
2025-12-12 16:19:36 | branch_code=2002 | month=July 2025 | firm_id=1
2025-12-12 16:19:54 | branch_code=2002 | month=March 2026 | firm_id=1
2025-12-12 16:33:03 | branch_code=2002 | month=March 2026 | firm_id=1
2025-12-12 16:33:36 | branch_code=2002 | month=March 2026 | firm_id=1
2025-12-12 16:33:41 | branch_code=2002 | month=March 2026 | firm_id=1
2025-12-12 16:33:41 | branch_code=2002 | month=March 2026 | firm_id=1
2025-12-12 16:33:44 | branch_code=2002 | month=March 2026 | firm_id=1
2025-12-12 16:34:03 | branch_code=2002 | month=March 2026 | firm_id=1
2025-12-12 16:35:30 | branch_code=2002 | month=March 2026 | firm_id=1
2025-12-12 16:35:32 | branch_code=2002 | month=March 2026 | firm_id=1
2025-12-12 16:35:36 | branch_code=2002 | month=March 2026 | firm_id=1
2025-12-15 09:22:21 | branch_code=2007 | month=April 2025 | firm_id=1
2025-12-15 09:22:21 | branch_code=2007 | month=April 2025 | firm_id=1
2025-12-15 09:22:21 | branch_code=2007 | month=April 2025 | firm_id=1
2025-12-15 09:22:21 | branch_code=2007 | month=April 2025 | firm_id=1
2025-12-15 09:22:22 | branch_code=2007 | month=April 2025 | firm_id=1
2025-12-15 09:22:25 | branch_code=2007 | month=April 2025 | firm_id=1
2025-12-15 09:22:25 | branch_code=2007 | month=April 2025 | firm_id=1
2025-12-15 09:22:25 | branch_code=2007 | month=April 2025 | firm_id=1
2025-12-15 09:22:25 | branch_code=2007 | month=April 2025 | firm_id=1
2025-12-15 09:22:25 | branch_code=2007 | month=April 2025 | firm_id=1
2025-12-18 12:16:15 | branch_code=48 | month=September 2025 | firm_id=1
2025-12-18 12:16:18 | branch_code=48 | month=September 2025 | firm_id=1
2025-12-18 12:16:49 | branch_code=48 | month=September 2025 | firm_id=1
2025-12-18 12:16:51 | branch_code=48 | month=September 2025 | firm_id=1
2025-12-18 12:16:57 | branch_code=48 | month=September 2025 | firm_id=1
2025-12-18 12:17:10 | branch_code=48 | month=September 2025 | firm_id=1
2025-12-18 15:17:08 | branch_code=3 | month=March 2026 | firm_id=1
2025-12-18 15:17:20 | branch_code=3 | month=March 2026 | firm_id=1
2025-12-18 15:39:43 | branch_code=61 | month=March 2026 | firm_id=2
2025-12-18 15:39:44 | branch_code=61 | month=March 2026 | firm_id=2
2025-12-18 15:43:55 | branch_code=9530 | month=February 2026 | firm_id=1
2025-12-18 15:43:59 | branch_code=9530 | month=February 2026 | firm_id=1
2025-12-18 16:06:03 | branch_code=61 | month=February 2026 | firm_id=2
2025-12-18 16:06:05 | branch_code=61 | month=February 2026 | firm_id=2
2025-12-18 16:06:37 | branch_code=61 | month=February 2026 | firm_id=2
2025-12-18 16:06:37 | branch_code=61 | month=February 2026 | firm_id=2
2025-12-18 16:06:40 | branch_code=61 | month=February 2026 | firm_id=2
2025-12-18 16:06:40 | branch_code=61 | month=February 2026 | firm_id=2
2025-12-18 16:06:43 | branch_code=61 | month=February 2026 | firm_id=2
2025-12-18 16:06:43 | branch_code=61 | month=February 2026 | firm_id=2
2025-12-22 15:22:35 | branch_code=3 | month=December 2025 | firm_id=1
2025-12-22 15:22:35 | branch_code=3 | month=December 2025 | firm_id=1
2025-12-22 15:22:40 | branch_code=3 | month=December 2025 | firm_id=1
2025-12-22 15:22:40 | branch_code=3 | month=December 2025 | firm_id=1
