[25-Sep-2025 10:48:39 Asia/Colombo] DEBUG First 30 lines:
Mobile
TAX INVOICE
INVOICE NUMBER : BR011401251112670893
INVOICE DATE : 14/01/2025
CITIZENS DEVELOPMENT BUSINESS FINANCE PLC
NO. 123
ORABIPASHA MAWATHA
COLOMBO 10
01000
VAT NO.: 134006161-7000
CORPORATE CODE PR33228316
BILL PERIOD 15/12/2024 - 14/01/2025
2,152,204.31 2,173,966.31 2,093,945.50 2,072,183.50 04/02/2025
Rs.
Previous Due Amount	2,152,204.31
Payments	2,173,966.31
Charges for Bill Period
Voice	492,105.20
Data	943,088.44
SMS	3,259.60
IDD	8,876.25
Roaming	53,459.98
Value Added Services (VAS)	88,395.59
Bill Adjustments	-929.38
Late Payment Charges	5.16
Government Taxes & Levies	152,768.61
VAT	301,132.67
Add to Bill Charges (Non-Taxable)	51,783.38
Total Charges for Bill Period	2,093,945.50
Total Amount Payable	2,072,183.50
